<?xml version="1.0" encoding="UTF-8"?>
<testng-results skipped="0" failed="0" ignored="0" total="1" passed="1">
  <reporter-output>
  </reporter-output>
  <suite name="Default suite" duration-ms="13694" started-at="2018-08-08T07:24:36Z" finished-at="2018-08-08T07:24:49Z">
    <groups>
    </groups>
    <test name="Default test" duration-ms="13694" started-at="2018-08-08T07:24:36Z" finished-at="2018-08-08T07:24:49Z">
      <class name="PackDemo.PomTestCls">
        <test-method status="PASS" signature="beforeTest()[pri:0, instance:PackDemo.PomTestCls@523884b2]" name="beforeTest" is-config="true" duration-ms="8362" started-at="2018-08-08T07:24:36Z" finished-at="2018-08-08T07:24:44Z">
          <reporter-output>
          </reporter-output>
        </test-method> <!-- beforeTest -->
        <test-method status="PASS" signature="logIn()[pri:0, instance:PackDemo.PomTestCls@523884b2]" name="logIn" duration-ms="4882" started-at="2018-08-08T07:24:44Z" finished-at="2018-08-08T07:24:49Z">
          <reporter-output>
          </reporter-output>
        </test-method> <!-- logIn -->
        <test-method status="PASS" signature="afterTest()[pri:0, instance:PackDemo.PomTestCls@523884b2]" name="afterTest" is-config="true" duration-ms="396" started-at="2018-08-08T07:24:49Z" finished-at="2018-08-08T07:24:49Z">
          <reporter-output>
          </reporter-output>
        </test-method> <!-- afterTest -->
      </class> <!-- PackDemo.PomTestCls -->
    </test> <!-- Default test -->
  </suite> <!-- Default suite -->
</testng-results>
