<?xml version="1.0" encoding="UTF-8"?>
<!-- Generated by org.testng.reporters.JUnitXMLReporter -->
<testsuite hostname="BDC3-LX-7171WLW" ignored="0" name="Test1" tests="2" failures="1" timestamp="08 Aug 2018 05:54:19 GMT" time="31.256" errors="0">
  <testcase name="testHdfcSite" time="22.487" classname="PackDemo.HdfcSite"/>
  <testcase name="testIrtcSite" time="0.005" classname="PackDemo.HdfcSite">
    <failure type="org.openqa.selenium.NoSuchSessionException" message="Session ID is null. Using WebDriver after calling quit()?
Build info: version: &amp;apos;3.13.0&amp;apos;, revision: &amp;apos;2f0d292&amp;apos;, time: &amp;apos;2018-06-25T15:24:21.231Z&amp;apos;
System info: host: &amp;apos;BDC3-LX-7171WLW&amp;apos;, ip: &amp;apos;10.116.69.10&amp;apos;, os.name: &amp;apos;Windows 10&amp;apos;, os.arch: &amp;apos;amd64&amp;apos;, os.version: &amp;apos;10.0&amp;apos;, java.version: &amp;apos;1.8.0_102&amp;apos;
Driver info: driver.version: RemoteWebDriver">
      <![CDATA[org.openqa.selenium.NoSuchSessionException: Session ID is null. Using WebDriver after calling quit()?
Build info: version: '3.13.0', revision: '2f0d292', time: '2018-06-25T15:24:21.231Z'
System info: host: 'BDC3-LX-7171WLW', ip: '10.116.69.10', os.name: 'Windows 10', os.arch: 'amd64', os.version: '10.0', java.version: '1.8.0_102'
Driver info: driver.version: RemoteWebDriver
at org.openqa.selenium.remote.HttpCommandExecutor.execute(HttpCommandExecutor.java:125)
at org.openqa.selenium.remote.service.DriverCommandExecutor.execute(DriverCommandExecutor.java:83)
at org.openqa.selenium.remote.RemoteWebDriver.execute(RemoteWebDriver.java:548)
at org.openqa.selenium.remote.RemoteWebDriver.get(RemoteWebDriver.java:276)
at PackDemo.HdfcSite.testIrtcSite(HdfcSite.java:48)
... Removed 25 stack frames]]>
    </failure>
  </testcase> <!-- testIrtcSite -->
</testsuite> <!-- Test1 -->
